(0000) 2000  0010000000000000 (   1)                 .ORIG x2000
(2000) 302B  0011000000101011 (   2)                 ST    R0 SAVER0
(2001) 322B  0011001000101011 (   3)                 ST    R1 SAVER1
(2002) 342B  0011010000101011 (   4)                 ST    R2 SAVER2
(2003) 362B  0011011000101011 (   5)                 ST    R3 SAVER3
(2004) 382B  0011100000101011 (   6)                 ST    R4 SAVER4
(2005) 3A2B  0011101000101011 (   7)                 ST    R5 SAVER5
(2006) 5B60  0101101101100000 (   8)                 AND   R5 R5 #0
(2007) 1B6A  0001101101101010 (   9)                 ADD   R5 R5 #10
(2008) 2822  0010100000100010 (  10)                 LD    R4 MASK
(2009) A01E  1010000000011110 (  12)                 LDI   R0 KBDR
(200A) A21C  1010001000011100 (  13)                 LDI   R1 KBSR
(200B) 5244  0101001001000100 (  14)                 AND   R1 R1 R4
(200C) B21A  1011001000011010 (  15)                 STI   R1 KBSR
(200D) A219  1010001000011001 (  16) ENTER           LDI   R1 KBSR
(200E) 07FE  0000011111111110 (  17)                 BRZP  ENTER
(200F) 5244  0101001001000100 (  18)                 AND   R1 R1 R4
(2010) B216  1011001000010110 (  19)                 STI   R1 KBSR
(2011) A417  1010010000010111 (  20) LOOP            LDI   R2 DSR
(2012) 07FE  0000011111111110 (  21)                 BRZP  LOOP
(2013) B016  1011000000010110 (  22)                 STI   R0 DDR
(2014) 1B7F  0001101101111111 (  25)                 ADD   R5 R5 #-1
(2015) 03FB  0000001111111011 (  26)                 BRP   LOOP
(2016) 200F  0010000000001111 (  28)                 LD    R0 LF
(2017) A411  1010010000010001 (  29) LOOPL           LDI   R2 DSR
(2018) 07FE  0000011111111110 (  30)                 BRZP  LOOPL
(2019) B010  1011000000010000 (  31)                 STI   R0 DDR
(201A) 2011  0010000000010001 (  35)                 LD    R0 SAVER0
(201B) 2211  0010001000010001 (  36)                 LD    R1 SAVER1
(201C) 2411  0010010000010001 (  37)                 LD    R2 SAVER2
(201D) 2611  0010011000010001 (  38)                 LD    R3 SAVER3
(201E) 2811  0010100000010001 (  39)                 LD    R4 SAVER4
(201F) 2A11  0010101000010001 (  40)                 LD    R5 SAVER5
(2020) 1B60  0001101101100000 (  41)                 ADD   R5 R5 #0
(2021) 0402  0000010000000010 (  42)                 BRZ   TOH
(2022) 5B60  0101101101100000 (  43)                 AND   R5 R5 #0
(2023) 0E01  0000111000000001 (  44)                 BRNZP EXIT
(2024) 1B61  0001101101100001 (  45) TOH             ADD   R5 R5 #1
(2025) 8000  1000000000000000 (  46) EXIT            RTI   
(2026) 000A  0000000000001010 (  49) LF              .FILL x000A
(2027) FE00  1111111000000000 (  50) KBSR            .FILL xFE00
(2028) FE02  1111111000000010 (  51) KBDR            .FILL xFE02
(2029) FE04  1111111000000100 (  52) DSR             .FILL xFE04
(202A) FE06  1111111000000110 (  53) DDR             .FILL xFE06
(202B) 7FFF  0111111111111111 (  54) MASK            .FILL x7FFF
(202C) 0000  0000000000000000 (  56) SAVER0          .FILL x0000
(202D) 0000  0000000000000000 (  57) SAVER1          .FILL x0000
(202E) 0000  0000000000000000 (  58) SAVER2          .FILL x0000
(202F) 0000  0000000000000000 (  59) SAVER3          .FILL x0000
(2030) 0000  0000000000000000 (  60) SAVER4          .FILL x0000
(2031) 0000  0000000000000000 (  61) SAVER5          .FILL x0000
